<?xml version="1.0" encoding="UTF-8"?>
<testng-results ignored="0" total="5" passed="5" failed="0" skipped="0">
  <reporter-output>
  </reporter-output>
  <suite started-at="2023-09-06T18:12:32 CEST" name="All Test Suite" finished-at="2023-09-06T18:12:45 CEST" duration-ms="13851">
    <groups>
    </groups>
    <test started-at="2023-09-06T18:12:32 CEST" name="C:/Users/aksoy/IdeaProjects/JTest" finished-at="2023-09-06T18:12:45 CEST" duration-ms="13851">
      <class name="mpack.SecondTest">
        <test-method is-config="true" signature="setUp()[pri:0, instance:mpack.SecondTest@6d763516]" started-at="2023-09-06T18:12:38 CEST" name="setUp" finished-at="2023-09-06T18:12:39 CEST" duration-ms="1005" status="PASS">
          <reporter-output>
          </reporter-output>
        </test-method> <!-- setUp -->
        <test-method signature="test1()[pri:0, instance:mpack.SecondTest@6d763516]" started-at="2023-09-06T18:12:39 CEST" name="test1" finished-at="2023-09-06T18:12:40 CEST" duration-ms="1086" status="PASS">
          <reporter-output>
          </reporter-output>
        </test-method> <!-- test1 -->
        <test-method signature="test2()[pri:0, instance:mpack.SecondTest@6d763516]" started-at="2023-09-06T18:12:40 CEST" name="test2" finished-at="2023-09-06T18:12:41 CEST" depends-on-methods="mpack.SecondTest.test1" duration-ms="597" status="PASS">
          <reporter-output>
          </reporter-output>
        </test-method> <!-- test2 -->
        <test-method signature="test3()[pri:0, instance:mpack.SecondTest@6d763516]" started-at="2023-09-06T18:12:41 CEST" name="test3" finished-at="2023-09-06T18:12:42 CEST" depends-on-methods="mpack.SecondTest.test2" duration-ms="1415" status="PASS">
          <reporter-output>
          </reporter-output>
        </test-method> <!-- test3 -->
        <test-method is-config="true" signature="tearDown()[pri:0, instance:mpack.SecondTest@6d763516]" started-at="2023-09-06T18:12:42 CEST" name="tearDown" finished-at="2023-09-06T18:12:42 CEST" duration-ms="234" status="PASS">
          <reporter-output>
          </reporter-output>
        </test-method> <!-- tearDown -->
      </class> <!-- mpack.SecondTest -->
      <class name="mpack.ThirdTest">
        <test-method signature="mOne()[pri:0, instance:mpack.ThirdTest@52bf72b5]" started-at="2023-09-06T18:12:42 CEST" name="mOne" finished-at="2023-09-06T18:12:45 CEST" duration-ms="2926" status="PASS">
          <reporter-output>
          </reporter-output>
        </test-method> <!-- mOne -->
      </class> <!-- mpack.ThirdTest -->
      <class name="mpack.FirstTest">
        <test-method signature="mOne()[pri:0, instance:mpack.FirstTest@441772e]" started-at="2023-09-06T18:12:32 CEST" name="mOne" finished-at="2023-09-06T18:12:38 CEST" duration-ms="6522" status="PASS">
          <reporter-output>
          </reporter-output>
        </test-method> <!-- mOne -->
      </class> <!-- mpack.FirstTest -->
    </test> <!-- C:/Users/aksoy/IdeaProjects/JTest -->
  </suite> <!-- All Test Suite -->
</testng-results>
